<?xml version="1.0" encoding="UTF-8"?>
<testng-results skipped="0" failed="0" total="1" passed="1">
  <reporter-output>
  </reporter-output>
  <suite name="TestNG Suite" duration-ms="6759" started-at="2016-07-06T02:54:26Z" finished-at="2016-07-06T02:54:33Z">
    <groups>
    </groups>
    <test name="TestNG Test Case" duration-ms="6759" started-at="2016-07-06T02:54:26Z" finished-at="2016-07-06T02:54:33Z">
      <class name="testNGExamples.SouceLabTestExample">
        <test-method status="PASS" signature="BeforeTestdDoThis()[pri:0, instance:testNGExamples.SouceLabTestExample@5b1d2887]" name="BeforeTestdDoThis" duration-ms="6747" started-at="2016-07-05T22:54:26Z" finished-at="2016-07-05T22:54:33Z">
          <reporter-output>
          </reporter-output>
        </test-method> <!-- BeforeTestdDoThis -->
      </class> <!-- testNGExamples.SouceLabTestExample -->
    </test> <!-- TestNG Test Case -->
  </suite> <!-- TestNG Suite -->
</testng-results>
